2015-05-23 21:00:27 Notice: Notice (8): Undefined index: Teacher in [/var/www/html/appointment/app/Controller/EntryController.php, line 24]
Trace:
EntryController::teacher() - APP/Controller/EntryController.php, line 24
ReflectionMethod::invokeArgs() - [internal], line ??
Controller::invokeAction() - CORE/Cake/Controller/Controller.php, line 490
Dispatcher::_invoke() - CORE/Cake/Routing/Dispatcher.php, line 193
Dispatcher::dispatch() - CORE/Cake/Routing/Dispatcher.php, line 167
[main] - APP/webroot/index.php, line 118

2015-05-23 21:00:27 Notice: Notice (8): Undefined index: Teacher in [/var/www/html/appointment/app/View/Entry/teacher.ctp, line 4]
Trace:
include - APP/View/Entry/teacher.ctp, line 4
View::_evaluate() - CORE/Cake/View/View.php, line 961
View::_render() - CORE/Cake/View/View.php, line 923
View::render() - CORE/Cake/View/View.php, line 473
Controller::render() - CORE/Cake/Controller/Controller.php, line 960
Dispatcher::_invoke() - CORE/Cake/Routing/Dispatcher.php, line 200
Dispatcher::dispatch() - CORE/Cake/Routing/Dispatcher.php, line 167
[main] - APP/webroot/index.php, line 118

2015-05-23 21:00:27 Notice: Notice (8): Undefined index: Teacher in [/var/www/html/appointment/app/View/Entry/teacher.ctp, line 105]
Trace:
include - APP/View/Entry/teacher.ctp, line 105
View::_evaluate() - CORE/Cake/View/View.php, line 961
View::_render() - CORE/Cake/View/View.php, line 923
View::render() - CORE/Cake/View/View.php, line 473
Controller::render() - CORE/Cake/Controller/Controller.php, line 960
Dispatcher::_invoke() - CORE/Cake/Routing/Dispatcher.php, line 200
Dispatcher::dispatch() - CORE/Cake/Routing/Dispatcher.php, line 167
[main] - APP/webroot/index.php, line 118

