2015-06-06 05:03:56 Error: [MissingControllerException] Controller class ImgController could not be found.
Exception Attributes: array (
  'class' => 'ImgController',
  'plugin' => NULL,
)
Request URL: /appointment/img/slides_0.png
Stack Trace:
#0 /var/www/html/appointment/app/webroot/index.php(118): Dispatcher->dispatch(Object(CakeRequest), Object(CakeResponse))
#1 {main}
2015-06-06 05:03:56 Error: [MissingControllerException] Controller class ImgController could not be found.
Exception Attributes: array (
  'class' => 'ImgController',
  'plugin' => NULL,
)
Request URL: /appointment/img/slides_1.png
Stack Trace:
#0 /var/www/html/appointment/app/webroot/index.php(118): Dispatcher->dispatch(Object(CakeRequest), Object(CakeResponse))
#1 {main}
2015-06-06 05:03:56 Error: [MissingControllerException] Controller class ImgController could not be found.
Exception Attributes: array (
  'class' => 'ImgController',
  'plugin' => NULL,
)
Request URL: /appointment/img/slides_2.png
Stack Trace:
#0 /var/www/html/appointment/app/webroot/index.php(118): Dispatcher->dispatch(Object(CakeRequest), Object(CakeResponse))
#1 {main}
2015-06-06 05:03:56 Error: [MissingControllerException] Controller class ImgController could not be found.
Exception Attributes: array (
  'class' => 'ImgController',
  'plugin' => NULL,
)
Request URL: /appointment/img/original/19284979d3747658ddab54e518c968ff.png
Stack Trace:
#0 /var/www/html/appointment/app/webroot/index.php(118): Dispatcher->dispatch(Object(CakeRequest), Object(CakeResponse))
#1 {main}
2015-06-06 05:03:56 Error: [MissingControllerException] Controller class ImgController could not be found.
Exception Attributes: array (
  'class' => 'ImgController',
  'plugin' => NULL,
)
Request URL: /appointment/img/johnny.jpg
Stack Trace:
#0 /var/www/html/appointment/app/webroot/index.php(118): Dispatcher->dispatch(Object(CakeRequest), Object(CakeResponse))
#1 {main}
2015-06-06 05:03:56 Error: [MissingControllerException] Controller class ImgController could not be found.
Exception Attributes: array (
  'class' => 'ImgController',
  'plugin' => NULL,
)
Request URL: /appointment/img/original/5f114c97effe155c7e868043e2c96ccf.png
Stack Trace:
#0 /var/www/html/appointment/app/webroot/index.php(118): Dispatcher->dispatch(Object(CakeRequest), Object(CakeResponse))
#1 {main}
2015-06-06 05:03:56 Error: [MissingControllerException] Controller class ImgController could not be found.
Exception Attributes: array (
  'class' => 'ImgController',
  'plugin' => NULL,
)
Request URL: /appointment/img/rob.jpg
Stack Trace:
#0 /var/www/html/appointment/app/webroot/index.php(118): Dispatcher->dispatch(Object(CakeRequest), Object(CakeResponse))
#1 {main}
2015-06-06 05:03:56 Error: [MissingControllerException] Controller class ImgController could not be found.
Exception Attributes: array (
  'class' => 'ImgController',
  'plugin' => NULL,
)
Request URL: /appointment/img/original/61e75b1a7942bfb428c0ebb69f5435e4.png
Stack Trace:
#0 /var/www/html/appointment/app/webroot/index.php(118): Dispatcher->dispatch(Object(CakeRequest), Object(CakeResponse))
#1 {main}
2015-06-06 05:03:56 Error: [MissingControllerException] Controller class ImgController could not be found.
Exception Attributes: array (
  'class' => 'ImgController',
  'plugin' => NULL,
)
Request URL: /appointment/img/kuma.jpg
Stack Trace:
#0 /var/www/html/appointment/app/webroot/index.php(118): Dispatcher->dispatch(Object(CakeRequest), Object(CakeResponse))
#1 {main}
2015-06-06 05:03:56 Error: [MissingControllerException] Controller class ImgController could not be found.
Exception Attributes: array (
  'class' => 'ImgController',
  'plugin' => NULL,
)
Request URL: /appointment/img/slides_0.png
Stack Trace:
#0 /var/www/html/appointment/app/webroot/index.php(118): Dispatcher->dispatch(Object(CakeRequest), Object(CakeResponse))
#1 {main}
2015-06-06 05:03:56 Error: [MissingControllerException] Controller class ImgController could not be found.
Exception Attributes: array (
  'class' => 'ImgController',
  'plugin' => NULL,
)
Request URL: /appointment/img/slides_1.png
Stack Trace:
#0 /var/www/html/appointment/app/webroot/index.php(118): Dispatcher->dispatch(Object(CakeRequest), Object(CakeResponse))
#1 {main}
2015-06-06 05:09:23 Error: [MissingControllerException] Controller class ImgController could not be found.
Exception Attributes: array (
  'class' => 'ImgController',
  'plugin' => NULL,
)
Request URL: /appointment/img/slides_0.png
Stack Trace:
#0 /var/www/html/appointment/app/webroot/index.php(118): Dispatcher->dispatch(Object(CakeRequest), Object(CakeResponse))
#1 {main}
2015-06-06 05:09:23 Error: [MissingControllerException] Controller class ImgController could not be found.
Exception Attributes: array (
  'class' => 'ImgController',
  'plugin' => NULL,
)
Request URL: /appointment/img/slides_1.png
Stack Trace:
#0 /var/www/html/appointment/app/webroot/index.php(118): Dispatcher->dispatch(Object(CakeRequest), Object(CakeResponse))
#1 {main}
2015-06-06 05:09:23 Error: [MissingControllerException] Controller class ImgController could not be found.
Exception Attributes: array (
  'class' => 'ImgController',
  'plugin' => NULL,
)
Request URL: /appointment/img/slides_2.png
Stack Trace:
#0 /var/www/html/appointment/app/webroot/index.php(118): Dispatcher->dispatch(Object(CakeRequest), Object(CakeResponse))
#1 {main}
2015-06-06 05:09:23 Error: [MissingControllerException] Controller class ImgController could not be found.
Exception Attributes: array (
  'class' => 'ImgController',
  'plugin' => NULL,
)
Request URL: /appointment/img/original/19284979d3747658ddab54e518c968ff.png
Stack Trace:
#0 /var/www/html/appointment/app/webroot/index.php(118): Dispatcher->dispatch(Object(CakeRequest), Object(CakeResponse))
#1 {main}
2015-06-06 05:09:23 Error: [MissingControllerException] Controller class ImgController could not be found.
Exception Attributes: array (
  'class' => 'ImgController',
  'plugin' => NULL,
)
Request URL: /appointment/img/kuma.jpg
Stack Trace:
#0 /var/www/html/appointment/app/webroot/index.php(118): Dispatcher->dispatch(Object(CakeRequest), Object(CakeResponse))
#1 {main}
2015-06-06 05:09:23 Error: [MissingControllerException] Controller class ImgController could not be found.
Exception Attributes: array (
  'class' => 'ImgController',
  'plugin' => NULL,
)
Request URL: /appointment/img/johnny.jpg
Stack Trace:
#0 /var/www/html/appointment/app/webroot/index.php(118): Dispatcher->dispatch(Object(CakeRequest), Object(CakeResponse))
#1 {main}
2015-06-06 05:09:23 Error: [MissingControllerException] Controller class ImgController could not be found.
Exception Attributes: array (
  'class' => 'ImgController',
  'plugin' => NULL,
)
Request URL: /appointment/img/original/5f114c97effe155c7e868043e2c96ccf.png
Stack Trace:
#0 /var/www/html/appointment/app/webroot/index.php(118): Dispatcher->dispatch(Object(CakeRequest), Object(CakeResponse))
#1 {main}
2015-06-06 05:09:23 Error: [MissingControllerException] Controller class ImgController could not be found.
Exception Attributes: array (
  'class' => 'ImgController',
  'plugin' => NULL,
)
Request URL: /appointment/img/original/61e75b1a7942bfb428c0ebb69f5435e4.png
Stack Trace:
#0 /var/www/html/appointment/app/webroot/index.php(118): Dispatcher->dispatch(Object(CakeRequest), Object(CakeResponse))
#1 {main}
2015-06-06 05:09:23 Error: [MissingControllerException] Controller class ImgController could not be found.
Exception Attributes: array (
  'class' => 'ImgController',
  'plugin' => NULL,
)
Request URL: /appointment/img/rob.jpg
Stack Trace:
#0 /var/www/html/appointment/app/webroot/index.php(118): Dispatcher->dispatch(Object(CakeRequest), Object(CakeResponse))
#1 {main}
2015-06-06 05:09:24 Error: [MissingControllerException] Controller class ImgController could not be found.
Exception Attributes: array (
  'class' => 'ImgController',
  'plugin' => NULL,
)
Request URL: /appointment/img/slides_0.png
Stack Trace:
#0 /var/www/html/appointment/app/webroot/index.php(118): Dispatcher->dispatch(Object(CakeRequest), Object(CakeResponse))
#1 {main}
2015-06-06 05:09:24 Error: [MissingControllerException] Controller class ImgController could not be found.
Exception Attributes: array (
  'class' => 'ImgController',
  'plugin' => NULL,
)
Request URL: /appointment/img/slides_2.png
Stack Trace:
#0 /var/www/html/appointment/app/webroot/index.php(118): Dispatcher->dispatch(Object(CakeRequest), Object(CakeResponse))
#1 {main}
2015-06-06 05:09:24 Error: [MissingControllerException] Controller class ImgController could not be found.
Exception Attributes: array (
  'class' => 'ImgController',
  'plugin' => NULL,
)
Request URL: /appointment/img/slides_1.png
Stack Trace:
#0 /var/www/html/appointment/app/webroot/index.php(118): Dispatcher->dispatch(Object(CakeRequest), Object(CakeResponse))
#1 {main}
2015-06-06 06:23:51 Error: [MissingActionException] Action ApiController::register.php() could not be found.
Exception Attributes: array (
  'controller' => 'ApiController',
  'action' => 'register.php',
)
Request URL: /appointment/api/register.php
Stack Trace:
#0 /var/www/html/appointment/lib/Cake/Routing/Dispatcher.php(193): Controller->invokeAction(Object(CakeRequest))
#1 /var/www/html/appointment/lib/Cake/Routing/Dispatcher.php(167): Dispatcher->_invoke(Object(ApiController), Object(CakeRequest))
#2 /var/www/html/appointment/app/webroot/index.php(118): Dispatcher->dispatch(Object(CakeRequest), Object(CakeResponse))
#3 {main}
2015-06-06 06:25:30 Error: [MissingActionException] Action ApiController::register.php() could not be found.
Exception Attributes: array (
  'controller' => 'ApiController',
  'action' => 'register.php',
)
Request URL: /appointment/api/register.php
Stack Trace:
#0 /var/www/html/appointment/lib/Cake/Routing/Dispatcher.php(193): Controller->invokeAction(Object(CakeRequest))
#1 /var/www/html/appointment/lib/Cake/Routing/Dispatcher.php(167): Dispatcher->_invoke(Object(ApiController), Object(CakeRequest))
#2 /var/www/html/appointment/app/webroot/index.php(118): Dispatcher->dispatch(Object(CakeRequest), Object(CakeResponse))
#3 {main}
2015-06-06 06:25:53 Error: [MissingActionException] Action ApiController::register.php() could not be found.
Exception Attributes: array (
  'controller' => 'ApiController',
  'action' => 'register.php',
)
Request URL: /appointment/api/register.php
Stack Trace:
#0 /var/www/html/appointment/lib/Cake/Routing/Dispatcher.php(193): Controller->invokeAction(Object(CakeRequest))
#1 /var/www/html/appointment/lib/Cake/Routing/Dispatcher.php(167): Dispatcher->_invoke(Object(ApiController), Object(CakeRequest))
#2 /var/www/html/appointment/app/webroot/index.php(118): Dispatcher->dispatch(Object(CakeRequest), Object(CakeResponse))
#3 {main}
2015-06-06 06:27:14 Error: [MissingActionException] Action ApiController::register.php() could not be found.
Exception Attributes: array (
  'controller' => 'ApiController',
  'action' => 'register.php',
)
Request URL: /appointment/api/register.php
Stack Trace:
#0 /var/www/html/appointment/lib/Cake/Routing/Dispatcher.php(193): Controller->invokeAction(Object(CakeRequest))
#1 /var/www/html/appointment/lib/Cake/Routing/Dispatcher.php(167): Dispatcher->_invoke(Object(ApiController), Object(CakeRequest))
#2 /var/www/html/appointment/app/webroot/index.php(118): Dispatcher->dispatch(Object(CakeRequest), Object(CakeResponse))
#3 {main}
2015-06-06 06:27:48 Error: [MissingActionException] Action ApiController::register.php() could not be found.
Exception Attributes: array (
  'controller' => 'ApiController',
  'action' => 'register.php',
)
Request URL: /appointment/api/register.php
Stack Trace:
#0 /var/www/html/appointment/lib/Cake/Routing/Dispatcher.php(193): Controller->invokeAction(Object(CakeRequest))
#1 /var/www/html/appointment/lib/Cake/Routing/Dispatcher.php(167): Dispatcher->_invoke(Object(ApiController), Object(CakeRequest))
#2 /var/www/html/appointment/app/webroot/index.php(118): Dispatcher->dispatch(Object(CakeRequest), Object(CakeResponse))
#3 {main}
2015-06-06 06:31:31 Error: [MissingActionException] Action ApiController::courses.php() could not be found.
Exception Attributes: array (
  'controller' => 'ApiController',
  'action' => 'courses.php',
)
Request URL: /appointment/api/courses.php
Stack Trace:
#0 /var/www/html/appointment/lib/Cake/Routing/Dispatcher.php(193): Controller->invokeAction(Object(CakeRequest))
#1 /var/www/html/appointment/lib/Cake/Routing/Dispatcher.php(167): Dispatcher->_invoke(Object(ApiController), Object(CakeRequest))
#2 /var/www/html/appointment/app/webroot/index.php(118): Dispatcher->dispatch(Object(CakeRequest), Object(CakeResponse))
#3 {main}
2015-06-06 06:32:57 Error: [MissingActionException] Action ApiController::courses.php() could not be found.
Exception Attributes: array (
  'controller' => 'ApiController',
  'action' => 'courses.php',
)
Request URL: /appointment/api/courses.php
Stack Trace:
#0 /var/www/html/appointment/lib/Cake/Routing/Dispatcher.php(193): Controller->invokeAction(Object(CakeRequest))
#1 /var/www/html/appointment/lib/Cake/Routing/Dispatcher.php(167): Dispatcher->_invoke(Object(ApiController), Object(CakeRequest))
#2 /var/www/html/appointment/app/webroot/index.php(118): Dispatcher->dispatch(Object(CakeRequest), Object(CakeResponse))
#3 {main}
2015-06-06 06:37:50 Error: [MissingActionException] Action ApiController::courses.php() could not be found.
Exception Attributes: array (
  'controller' => 'ApiController',
  'action' => 'courses.php',
)
Request URL: /appointment/api/courses.php
Stack Trace:
#0 /var/www/html/appointment/lib/Cake/Routing/Dispatcher.php(193): Controller->invokeAction(Object(CakeRequest))
#1 /var/www/html/appointment/lib/Cake/Routing/Dispatcher.php(167): Dispatcher->_invoke(Object(ApiController), Object(CakeRequest))
#2 /var/www/html/appointment/app/webroot/index.php(118): Dispatcher->dispatch(Object(CakeRequest), Object(CakeResponse))
#3 {main}
2015-06-06 06:38:36 Error: [MissingActionException] Action ApiController::courses.php() could not be found.
Exception Attributes: array (
  'controller' => 'ApiController',
  'action' => 'courses.php',
)
Request URL: /appointment/api/courses.php
Stack Trace:
#0 /var/www/html/appointment/lib/Cake/Routing/Dispatcher.php(193): Controller->invokeAction(Object(CakeRequest))
#1 /var/www/html/appointment/lib/Cake/Routing/Dispatcher.php(167): Dispatcher->_invoke(Object(ApiController), Object(CakeRequest))
#2 /var/www/html/appointment/app/webroot/index.php(118): Dispatcher->dispatch(Object(CakeRequest), Object(CakeResponse))
#3 {main}
2015-06-06 06:41:43 Error: [MissingViewException] View file "Api/login.ctp" is missing.
Exception Attributes: array (
  'file' => 'Api/login.ctp',
)
Request URL: /appointment/api/login/
Stack Trace:
#0 /var/www/html/appointment/lib/Cake/View/View.php(470): View->_getViewFileName(NULL)
#1 /var/www/html/appointment/lib/Cake/Controller/Controller.php(960): View->render(NULL, NULL)
#2 /var/www/html/appointment/lib/Cake/Routing/Dispatcher.php(200): Controller->render()
#3 /var/www/html/appointment/lib/Cake/Routing/Dispatcher.php(167): Dispatcher->_invoke(Object(ApiController), Object(CakeRequest))
#4 /var/www/html/appointment/app/webroot/index.php(118): Dispatcher->dispatch(Object(CakeRequest), Object(CakeResponse))
#5 {main}
2015-06-06 06:42:48 Error: [MissingViewException] View file "Api/register.ctp" is missing.
Exception Attributes: array (
  'file' => 'Api/register.ctp',
)
Request URL: /appointment/api/register
Stack Trace:
#0 /var/www/html/appointment/lib/Cake/View/View.php(470): View->_getViewFileName(NULL)
#1 /var/www/html/appointment/lib/Cake/Controller/Controller.php(960): View->render(NULL, NULL)
#2 /var/www/html/appointment/lib/Cake/Routing/Dispatcher.php(200): Controller->render()
#3 /var/www/html/appointment/lib/Cake/Routing/Dispatcher.php(167): Dispatcher->_invoke(Object(ApiController), Object(CakeRequest))
#4 /var/www/html/appointment/app/webroot/index.php(118): Dispatcher->dispatch(Object(CakeRequest), Object(CakeResponse))
#5 {main}
2015-06-06 06:43:29 Error: [MissingViewException] View file "Api/register.ctp" is missing.
Exception Attributes: array (
  'file' => 'Api/register.ctp',
)
Request URL: /appointment/api/register
Stack Trace:
#0 /var/www/html/appointment/lib/Cake/View/View.php(470): View->_getViewFileName(NULL)
#1 /var/www/html/appointment/lib/Cake/Controller/Controller.php(960): View->render(NULL, NULL)
#2 /var/www/html/appointment/lib/Cake/Routing/Dispatcher.php(200): Controller->render()
#3 /var/www/html/appointment/lib/Cake/Routing/Dispatcher.php(167): Dispatcher->_invoke(Object(ApiController), Object(CakeRequest))
#4 /var/www/html/appointment/app/webroot/index.php(118): Dispatcher->dispatch(Object(CakeRequest), Object(CakeResponse))
#5 {main}
2015-06-06 06:48:14 Error: [MissingViewException] View file "Api/register.ctp" is missing.
Exception Attributes: array (
  'file' => 'Api/register.ctp',
)
Request URL: /appointment/api/register
Stack Trace:
#0 /var/www/html/appointment/lib/Cake/View/View.php(470): View->_getViewFileName(NULL)
#1 /var/www/html/appointment/lib/Cake/Controller/Controller.php(960): View->render(NULL, NULL)
#2 /var/www/html/appointment/lib/Cake/Routing/Dispatcher.php(200): Controller->render()
#3 /var/www/html/appointment/lib/Cake/Routing/Dispatcher.php(167): Dispatcher->_invoke(Object(ApiController), Object(CakeRequest))
#4 /var/www/html/appointment/app/webroot/index.php(118): Dispatcher->dispatch(Object(CakeRequest), Object(CakeResponse))
#5 {main}
2015-06-06 06:48:36 Error: [MissingViewException] View file "Api/register.ctp" is missing.
Exception Attributes: array (
  'file' => 'Api/register.ctp',
)
Request URL: /appointment/api/register
Stack Trace:
#0 /var/www/html/appointment/lib/Cake/View/View.php(470): View->_getViewFileName(NULL)
#1 /var/www/html/appointment/lib/Cake/Controller/Controller.php(960): View->render(NULL, NULL)
#2 /var/www/html/appointment/lib/Cake/Routing/Dispatcher.php(200): Controller->render()
#3 /var/www/html/appointment/lib/Cake/Routing/Dispatcher.php(167): Dispatcher->_invoke(Object(ApiController), Object(CakeRequest))
#4 /var/www/html/appointment/app/webroot/index.php(118): Dispatcher->dispatch(Object(CakeRequest), Object(CakeResponse))
#5 {main}
2015-06-06 06:49:34 Error: [MissingViewException] View file "Api/register.ctp" is missing.
Exception Attributes: array (
  'file' => 'Api/register.ctp',
)
Request URL: /appointment/api/register
Stack Trace:
#0 /var/www/html/appointment/lib/Cake/View/View.php(470): View->_getViewFileName(NULL)
#1 /var/www/html/appointment/lib/Cake/Controller/Controller.php(960): View->render(NULL, NULL)
#2 /var/www/html/appointment/lib/Cake/Routing/Dispatcher.php(200): Controller->render()
#3 /var/www/html/appointment/lib/Cake/Routing/Dispatcher.php(167): Dispatcher->_invoke(Object(ApiController), Object(CakeRequest))
#4 /var/www/html/appointment/app/webroot/index.php(118): Dispatcher->dispatch(Object(CakeRequest), Object(CakeResponse))
#5 {main}
2015-06-06 06:52:59 Error: [MissingActionException] Action ApiController::courses.php() could not be found.
Exception Attributes: array (
  'controller' => 'ApiController',
  'action' => 'courses.php',
)
Request URL: /appointment/api/courses.php?user_id=1
Stack Trace:
#0 /var/www/html/appointment/lib/Cake/Routing/Dispatcher.php(193): Controller->invokeAction(Object(CakeRequest))
#1 /var/www/html/appointment/lib/Cake/Routing/Dispatcher.php(167): Dispatcher->_invoke(Object(ApiController), Object(CakeRequest))
#2 /var/www/html/appointment/app/webroot/index.php(118): Dispatcher->dispatch(Object(CakeRequest), Object(CakeResponse))
#3 {main}
2015-06-06 06:53:38 Error: Fatal Error (4): syntax error, unexpected 'public' (T_PUBLIC) in [/var/www/html/appointment/app/Controller/ApiController.php, line 73]
2015-06-06 06:53:38 Error: [FatalErrorException] syntax error, unexpected 'public' (T_PUBLIC)
Request URL: /appointment/api/register
Stack Trace:
#0 /var/www/html/appointment/lib/Cake/Error/ErrorHandler.php(213): ErrorHandler::handleFatalError(4, 'syntax error, u...', '/var/www/html/a...', 73)
#1 [internal function]: ErrorHandler::handleError(4, 'syntax error, u...', '/var/www/html/a...', 73, Array)
#2 /var/www/html/appointment/lib/Cake/Core/App.php(931): call_user_func('ErrorHandler::h...', 4, 'syntax error, u...', '/var/www/html/a...', 73, Array)
#3 /var/www/html/appointment/lib/Cake/Core/App.php(904): App::_checkFatalError()
#4 [internal function]: App::shutdown()
#5 {main}
2015-06-06 06:55:05 Error: [MissingActionException] Action ApiController::courses.php() could not be found.
Exception Attributes: array (
  'controller' => 'ApiController',
  'action' => 'courses.php',
)
Request URL: /appointment/api/courses.php?user_id=1
Stack Trace:
#0 /var/www/html/appointment/lib/Cake/Routing/Dispatcher.php(193): Controller->invokeAction(Object(CakeRequest))
#1 /var/www/html/appointment/lib/Cake/Routing/Dispatcher.php(167): Dispatcher->_invoke(Object(ApiController), Object(CakeRequest))
#2 /var/www/html/appointment/app/webroot/index.php(118): Dispatcher->dispatch(Object(CakeRequest), Object(CakeResponse))
#3 {main}
2015-06-06 08:00:49 Error: [MissingControllerException] Controller class SlideImageController could not be found.
Exception Attributes: array (
  'class' => 'SlideImageController',
  'plugin' => NULL,
)
Request URL: /appointment/slide_image
Stack Trace:
#0 /var/www/html/appointment/app/webroot/index.php(118): Dispatcher->dispatch(Object(CakeRequest), Object(CakeResponse))
#1 {main}
2015-06-06 08:00:54 Error: [MissingControllerException] Controller class SlideimageController could not be found.
Exception Attributes: array (
  'class' => 'SlideimageController',
  'plugin' => NULL,
)
Request URL: /appointment/slideimage
Stack Trace:
#0 /var/www/html/appointment/app/webroot/index.php(118): Dispatcher->dispatch(Object(CakeRequest), Object(CakeResponse))
#1 {main}
2015-06-06 08:06:24 Error: Fatal Error (4): syntax error, unexpected ';', expecting ')' in [/var/www/html/appointment/app/Controller/ApiController.php, line 121]
2015-06-06 08:06:24 Error: [FatalErrorException] syntax error, unexpected ';', expecting ')'
Request URL: /appointment/api/courses
Stack Trace:
#0 /var/www/html/appointment/lib/Cake/Error/ErrorHandler.php(213): ErrorHandler::handleFatalError(4, 'syntax error, u...', '/var/www/html/a...', 121)
#1 [internal function]: ErrorHandler::handleError(4, 'syntax error, u...', '/var/www/html/a...', 121, Array)
#2 /var/www/html/appointment/lib/Cake/Core/App.php(931): call_user_func('ErrorHandler::h...', 4, 'syntax error, u...', '/var/www/html/a...', 121, Array)
#3 /var/www/html/appointment/lib/Cake/Core/App.php(904): App::_checkFatalError()
#4 [internal function]: App::shutdown()
#5 {main}
2015-06-06 08:06:44 Error: Fatal Error (4): syntax error, unexpected ';', expecting ')' in [/var/www/html/appointment/app/Controller/ApiController.php, line 136]
2015-06-06 08:06:44 Error: [FatalErrorException] syntax error, unexpected ';', expecting ')'
Request URL: /appointment/api/courses
Stack Trace:
#0 /var/www/html/appointment/lib/Cake/Error/ErrorHandler.php(213): ErrorHandler::handleFatalError(4, 'syntax error, u...', '/var/www/html/a...', 136)
#1 [internal function]: ErrorHandler::handleError(4, 'syntax error, u...', '/var/www/html/a...', 136, Array)
#2 /var/www/html/appointment/lib/Cake/Core/App.php(931): call_user_func('ErrorHandler::h...', 4, 'syntax error, u...', '/var/www/html/a...', 136, Array)
#3 /var/www/html/appointment/lib/Cake/Core/App.php(904): App::_checkFatalError()
#4 [internal function]: App::shutdown()
#5 {main}
2015-06-06 08:06:56 Error: Fatal Error (4): syntax error, unexpected end of file, expecting function (T_FUNCTION) in [/var/www/html/appointment/app/Controller/ApiController.php, line 169]
2015-06-06 08:06:56 Error: [FatalErrorException] syntax error, unexpected end of file, expecting function (T_FUNCTION)
Request URL: /appointment/api/courses
Stack Trace:
#0 /var/www/html/appointment/lib/Cake/Error/ErrorHandler.php(213): ErrorHandler::handleFatalError(4, 'syntax error, u...', '/var/www/html/a...', 169)
#1 [internal function]: ErrorHandler::handleError(4, 'syntax error, u...', '/var/www/html/a...', 169, Array)
#2 /var/www/html/appointment/lib/Cake/Core/App.php(931): call_user_func('ErrorHandler::h...', 4, 'syntax error, u...', '/var/www/html/a...', 169, Array)
#3 /var/www/html/appointment/lib/Cake/Core/App.php(904): App::_checkFatalError()
#4 [internal function]: App::shutdown()
#5 {main}
2015-06-06 08:08:00 Error: [PDOException] SQLSTATE[42000]: Syntax error or access violation: 1064 You have an error in your SQL syntax; check the manual that corresponds to your MySQL server version for the right syntax to use near 'AND 2015-01-01 00:00:00' at line 1
Request URL: /appointment/api/courses
Stack Trace:
#0 /var/www/html/appointment/lib/Cake/Model/Datasource/DboSource.php(460): PDOStatement->execute(Array)
#1 /var/www/html/appointment/lib/Cake/Model/Datasource/DboSource.php(426): DboSource->_execute('SELECT `Course`...', Array)
#2 /var/www/html/appointment/lib/Cake/Model/Datasource/DboSource.php(668): DboSource->execute('SELECT `Course`...', Array, Array)
#3 /var/www/html/appointment/lib/Cake/Model/Datasource/DboSource.php(1106): DboSource->fetchAll('SELECT `Course`...', false)
#4 /var/www/html/appointment/lib/Cake/Model/Model.php(3022): DboSource->read(Object(Course), Array)
#5 /var/www/html/appointment/lib/Cake/Model/Model.php(2994): Model->_readDataSource('all', Array)
#6 /var/www/html/appointment/app/Controller/ApiController.php(122): Model->find('all', Array)
#7 [internal function]: ApiController->courses()
#8 /var/www/html/appointment/lib/Cake/Controller/Controller.php(490): ReflectionMethod->invokeArgs(Object(ApiController), Array)
#9 /var/www/html/appointment/lib/Cake/Routing/Dispatcher.php(193): Controller->invokeAction(Object(CakeRequest))
#10 /var/www/html/appointment/lib/Cake/Routing/Dispatcher.php(167): Dispatcher->_invoke(Object(ApiController), Object(CakeRequest))
#11 /var/www/html/appointment/app/webroot/index.php(118): Dispatcher->dispatch(Object(CakeRequest), Object(CakeResponse))
#12 {main}
2015-06-06 08:09:52 Error: [MissingViewException] View file "Api/courses.ctp" is missing.
Exception Attributes: array (
  'file' => 'Api/courses.ctp',
)
Request URL: /appointment/api/courses
Stack Trace:
#0 /var/www/html/appointment/lib/Cake/View/View.php(470): View->_getViewFileName(NULL)
#1 /var/www/html/appointment/lib/Cake/Controller/Controller.php(960): View->render(NULL, NULL)
#2 /var/www/html/appointment/lib/Cake/Routing/Dispatcher.php(200): Controller->render()
#3 /var/www/html/appointment/lib/Cake/Routing/Dispatcher.php(167): Dispatcher->_invoke(Object(ApiController), Object(CakeRequest))
#4 /var/www/html/appointment/app/webroot/index.php(118): Dispatcher->dispatch(Object(CakeRequest), Object(CakeResponse))
#5 {main}
2015-06-06 08:15:20 Error: [MissingViewException] View file "Api/courses.ctp" is missing.
Exception Attributes: array (
  'file' => 'Api/courses.ctp',
)
Request URL: /appointment/api/courses
Stack Trace:
#0 /var/www/html/appointment/lib/Cake/View/View.php(470): View->_getViewFileName(NULL)
#1 /var/www/html/appointment/lib/Cake/Controller/Controller.php(960): View->render(NULL, NULL)
#2 /var/www/html/appointment/lib/Cake/Routing/Dispatcher.php(200): Controller->render()
#3 /var/www/html/appointment/lib/Cake/Routing/Dispatcher.php(167): Dispatcher->_invoke(Object(ApiController), Object(CakeRequest))
#4 /var/www/html/appointment/app/webroot/index.php(118): Dispatcher->dispatch(Object(CakeRequest), Object(CakeResponse))
#5 {main}
2015-06-06 08:16:06 Error: Fatal Error (4): syntax error, unexpected '}' in [/var/www/html/appointment/app/Controller/ApiController.php, line 172]
2015-06-06 08:16:06 Error: [FatalErrorException] syntax error, unexpected '}'
Request URL: /appointment/api/courses
Stack Trace:
#0 /var/www/html/appointment/lib/Cake/Error/ErrorHandler.php(213): ErrorHandler::handleFatalError(4, 'syntax error, u...', '/var/www/html/a...', 172)
#1 [internal function]: ErrorHandler::handleError(4, 'syntax error, u...', '/var/www/html/a...', 172, Array)
#2 /var/www/html/appointment/lib/Cake/Core/App.php(931): call_user_func('ErrorHandler::h...', 4, 'syntax error, u...', '/var/www/html/a...', 172, Array)
#3 /var/www/html/appointment/lib/Cake/Core/App.php(904): App::_checkFatalError()
#4 [internal function]: App::shutdown()
#5 {main}
2015-06-06 08:22:08 Error: [PDOException] SQLSTATE[42000]: Syntax error or access violation: 1064 You have an error in your SQL syntax; check the manual that corresponds to your MySQL server version for the right syntax to use near 'AND 2015-01-01 00:00:00' at line 1
Request URL: /appointment/api/courses?course_id=2
Stack Trace:
#0 /var/www/html/appointment/lib/Cake/Model/Datasource/DboSource.php(460): PDOStatement->execute(Array)
#1 /var/www/html/appointment/lib/Cake/Model/Datasource/DboSource.php(426): DboSource->_execute('SELECT `Course`...', Array)
#2 /var/www/html/appointment/lib/Cake/Model/Datasource/DboSource.php(668): DboSource->execute('SELECT `Course`...', Array, Array)
#3 /var/www/html/appointment/lib/Cake/Model/Datasource/DboSource.php(1106): DboSource->fetchAll('SELECT `Course`...', false)
#4 /var/www/html/appointment/lib/Cake/Model/Model.php(3022): DboSource->read(Object(Course), Array)
#5 /var/www/html/appointment/lib/Cake/Model/Model.php(2994): Model->_readDataSource('all', Array)
#6 /var/www/html/appointment/app/Controller/ApiController.php(130): Model->find('all', Array)
#7 [internal function]: ApiController->courses()
#8 /var/www/html/appointment/lib/Cake/Controller/Controller.php(490): ReflectionMethod->invokeArgs(Object(ApiController), Array)
#9 /var/www/html/appointment/lib/Cake/Routing/Dispatcher.php(193): Controller->invokeAction(Object(CakeRequest))
#10 /var/www/html/appointment/lib/Cake/Routing/Dispatcher.php(167): Dispatcher->_invoke(Object(ApiController), Object(CakeRequest))
#11 /var/www/html/appointment/app/webroot/index.php(118): Dispatcher->dispatch(Object(CakeRequest), Object(CakeResponse))
#12 {main}
2015-06-06 08:23:15 Error: [PDOException] SQLSTATE[42000]: Syntax error or access violation: 1064 You have an error in your SQL syntax; check the manual that corresponds to your MySQL server version for the right syntax to use near 'AND 2015-04-11 10:00:00' at line 1
Request URL: /appointment/api/courses?course_id=2
Stack Trace:
#0 /var/www/html/appointment/lib/Cake/Model/Datasource/DboSource.php(460): PDOStatement->execute(Array)
#1 /var/www/html/appointment/lib/Cake/Model/Datasource/DboSource.php(426): DboSource->_execute('SELECT `Course`...', Array)
#2 /var/www/html/appointment/lib/Cake/Model/Datasource/DboSource.php(668): DboSource->execute('SELECT `Course`...', Array, Array)
#3 /var/www/html/appointment/lib/Cake/Model/Datasource/DboSource.php(1106): DboSource->fetchAll('SELECT `Course`...', false)
#4 /var/www/html/appointment/lib/Cake/Model/Model.php(3022): DboSource->read(Object(Course), Array)
#5 /var/www/html/appointment/lib/Cake/Model/Model.php(2994): Model->_readDataSource('all', Array)
#6 /var/www/html/appointment/app/Controller/ApiController.php(127): Model->find('all', Array)
#7 [internal function]: ApiController->courses()
#8 /var/www/html/appointment/lib/Cake/Controller/Controller.php(490): ReflectionMethod->invokeArgs(Object(ApiController), Array)
#9 /var/www/html/appointment/lib/Cake/Routing/Dispatcher.php(193): Controller->invokeAction(Object(CakeRequest))
#10 /var/www/html/appointment/lib/Cake/Routing/Dispatcher.php(167): Dispatcher->_invoke(Object(ApiController), Object(CakeRequest))
#11 /var/www/html/appointment/app/webroot/index.php(118): Dispatcher->dispatch(Object(CakeRequest), Object(CakeResponse))
#12 {main}
2015-06-06 08:24:09 Error: [PDOException] SQLSTATE[42000]: Syntax error or access violation: 1064 You have an error in your SQL syntax; check the manual that corresponds to your MySQL server version for the right syntax to use near 'AND 2015-04-11 10:00:00' at line 1
Request URL: /appointment/api/courses?course_id=2
Stack Trace:
#0 /var/www/html/appointment/lib/Cake/Model/Datasource/DboSource.php(460): PDOStatement->execute(Array)
#1 /var/www/html/appointment/lib/Cake/Model/Datasource/DboSource.php(426): DboSource->_execute('SELECT `Course`...', Array)
#2 /var/www/html/appointment/lib/Cake/Model/Datasource/DboSource.php(668): DboSource->execute('SELECT `Course`...', Array, Array)
#3 /var/www/html/appointment/lib/Cake/Model/Datasource/DboSource.php(1106): DboSource->fetchAll('SELECT `Course`...', false)
#4 /var/www/html/appointment/lib/Cake/Model/Model.php(3022): DboSource->read(Object(Course), Array)
#5 /var/www/html/appointment/lib/Cake/Model/Model.php(2994): Model->_readDataSource('all', Array)
#6 /var/www/html/appointment/app/Controller/ApiController.php(127): Model->find('all', Array)
#7 [internal function]: ApiController->courses()
#8 /var/www/html/appointment/lib/Cake/Controller/Controller.php(490): ReflectionMethod->invokeArgs(Object(ApiController), Array)
#9 /var/www/html/appointment/lib/Cake/Routing/Dispatcher.php(193): Controller->invokeAction(Object(CakeRequest))
#10 /var/www/html/appointment/lib/Cake/Routing/Dispatcher.php(167): Dispatcher->_invoke(Object(ApiController), Object(CakeRequest))
#11 /var/www/html/appointment/app/webroot/index.php(118): Dispatcher->dispatch(Object(CakeRequest), Object(CakeResponse))
#12 {main}
2015-06-06 08:24:40 Error: [PDOException] SQLSTATE[42000]: Syntax error or access violation: 1064 You have an error in your SQL syntax; check the manual that corresponds to your MySQL server version for the right syntax to use near 'AND 2015-04-11 10:00:00' at line 1
Request URL: /appointment/api/courses?course_id=2
Stack Trace:
#0 /var/www/html/appointment/lib/Cake/Model/Datasource/DboSource.php(460): PDOStatement->execute(Array)
#1 /var/www/html/appointment/lib/Cake/Model/Datasource/DboSource.php(426): DboSource->_execute('SELECT `Course`...', Array)
#2 /var/www/html/appointment/lib/Cake/Model/Datasource/DboSource.php(668): DboSource->execute('SELECT `Course`...', Array, Array)
#3 /var/www/html/appointment/lib/Cake/Model/Datasource/DboSource.php(1106): DboSource->fetchAll('SELECT `Course`...', false)
#4 /var/www/html/appointment/lib/Cake/Model/Model.php(3022): DboSource->read(Object(Course), Array)
#5 /var/www/html/appointment/lib/Cake/Model/Model.php(2994): Model->_readDataSource('all', Array)
#6 /var/www/html/appointment/app/Controller/ApiController.php(125): Model->find('all', Array)
#7 [internal function]: ApiController->courses()
#8 /var/www/html/appointment/lib/Cake/Controller/Controller.php(490): ReflectionMethod->invokeArgs(Object(ApiController), Array)
#9 /var/www/html/appointment/lib/Cake/Routing/Dispatcher.php(193): Controller->invokeAction(Object(CakeRequest))
#10 /var/www/html/appointment/lib/Cake/Routing/Dispatcher.php(167): Dispatcher->_invoke(Object(ApiController), Object(CakeRequest))
#11 /var/www/html/appointment/app/webroot/index.php(118): Dispatcher->dispatch(Object(CakeRequest), Object(CakeResponse))
#12 {main}
2015-06-06 08:28:43 Error: [PDOException] SQLSTATE[42000]: Syntax error or access violation: 1064 You have an error in your SQL syntax; check the manual that corresponds to your MySQL server version for the right syntax to use near 'AND 1)  WHERE 1 = 1' at line 1
Request URL: /appointment/api/courses?course_id=2&uuid=7c7a1f251e3e015a999a61016edb051f
Stack Trace:
#0 /var/www/html/appointment/lib/Cake/Model/Datasource/DboSource.php(460): PDOStatement->execute(Array)
#1 /var/www/html/appointment/lib/Cake/Model/Datasource/DboSource.php(426): DboSource->_execute('SELECT `Course`...', Array)
#2 /var/www/html/appointment/lib/Cake/Model/Datasource/DboSource.php(668): DboSource->execute('SELECT `Course`...', Array, Array)
#3 /var/www/html/appointment/lib/Cake/Model/Datasource/DboSource.php(1106): DboSource->fetchAll('SELECT `Course`...', false)
#4 /var/www/html/appointment/lib/Cake/Model/Model.php(3022): DboSource->read(Object(Course), Array)
#5 /var/www/html/appointment/lib/Cake/Model/Model.php(2994): Model->_readDataSource('all', Array)
#6 /var/www/html/appointment/app/Controller/ApiController.php(143): Model->find('all', Array)
#7 [internal function]: ApiController->courses()
#8 /var/www/html/appointment/lib/Cake/Controller/Controller.php(490): ReflectionMethod->invokeArgs(Object(ApiController), Array)
#9 /var/www/html/appointment/lib/Cake/Routing/Dispatcher.php(193): Controller->invokeAction(Object(CakeRequest))
#10 /var/www/html/appointment/lib/Cake/Routing/Dispatcher.php(167): Dispatcher->_invoke(Object(ApiController), Object(CakeRequest))
#11 /var/www/html/appointment/app/webroot/index.php(118): Dispatcher->dispatch(Object(CakeRequest), Object(CakeResponse))
#12 {main}
2015-06-06 08:29:47 Error: [PDOException] SQLSTATE[42S02]: Base table or view not found: 1146 Table 'qilian.entry' doesn't exist
Request URL: /appointment/api/courses?course_id=2&uuid=7c7a1f251e3e015a999a61016edb051f
Stack Trace:
#0 /var/www/html/appointment/lib/Cake/Model/Datasource/DboSource.php(460): PDOStatement->execute(Array)
#1 /var/www/html/appointment/lib/Cake/Model/Datasource/DboSource.php(426): DboSource->_execute('SELECT `Course`...', Array)
#2 /var/www/html/appointment/lib/Cake/Model/Datasource/DboSource.php(668): DboSource->execute('SELECT `Course`...', Array, Array)
#3 /var/www/html/appointment/lib/Cake/Model/Datasource/DboSource.php(1106): DboSource->fetchAll('SELECT `Course`...', false)
#4 /var/www/html/appointment/lib/Cake/Model/Model.php(3022): DboSource->read(Object(Course), Array)
#5 /var/www/html/appointment/lib/Cake/Model/Model.php(2994): Model->_readDataSource('all', Array)
#6 /var/www/html/appointment/app/Controller/ApiController.php(143): Model->find('all', Array)
#7 [internal function]: ApiController->courses()
#8 /var/www/html/appointment/lib/Cake/Controller/Controller.php(490): ReflectionMethod->invokeArgs(Object(ApiController), Array)
#9 /var/www/html/appointment/lib/Cake/Routing/Dispatcher.php(193): Controller->invokeAction(Object(CakeRequest))
#10 /var/www/html/appointment/lib/Cake/Routing/Dispatcher.php(167): Dispatcher->_invoke(Object(ApiController), Object(CakeRequest))
#11 /var/www/html/appointment/app/webroot/index.php(118): Dispatcher->dispatch(Object(CakeRequest), Object(CakeResponse))
#12 {main}
2015-06-06 08:31:57 Error: [PDOException] SQLSTATE[42S22]: Column not found: 1054 Unknown column 'e.class_id' in 'on clause'
Request URL: /appointment/api/courses?course_id=2&uuid=7c7a1f251e3e015a999a61016edb051f
Stack Trace:
#0 /var/www/html/appointment/lib/Cake/Model/Datasource/DboSource.php(460): PDOStatement->execute(Array)
#1 /var/www/html/appointment/lib/Cake/Model/Datasource/DboSource.php(426): DboSource->_execute('SELECT `Course`...', Array)
#2 /var/www/html/appointment/lib/Cake/Model/Datasource/DboSource.php(668): DboSource->execute('SELECT `Course`...', Array, Array)
#3 /var/www/html/appointment/lib/Cake/Model/Datasource/DboSource.php(1106): DboSource->fetchAll('SELECT `Course`...', false)
#4 /var/www/html/appointment/lib/Cake/Model/Model.php(3022): DboSource->read(Object(Course), Array)
#5 /var/www/html/appointment/lib/Cake/Model/Model.php(2994): Model->_readDataSource('all', Array)
#6 /var/www/html/appointment/app/Controller/ApiController.php(143): Model->find('all', Array)
#7 [internal function]: ApiController->courses()
#8 /var/www/html/appointment/lib/Cake/Controller/Controller.php(490): ReflectionMethod->invokeArgs(Object(ApiController), Array)
#9 /var/www/html/appointment/lib/Cake/Routing/Dispatcher.php(193): Controller->invokeAction(Object(CakeRequest))
#10 /var/www/html/appointment/lib/Cake/Routing/Dispatcher.php(167): Dispatcher->_invoke(Object(ApiController), Object(CakeRequest))
#11 /var/www/html/appointment/app/webroot/index.php(118): Dispatcher->dispatch(Object(CakeRequest), Object(CakeResponse))
#12 {main}
2015-06-06 09:00:07 Error: [PDOException] SQLSTATE[42S22]: Column not found: 1054 Unknown column 'courses.teacher_id' in 'on clause'
Request URL: /appointment/api/courses
Stack Trace:
#0 /var/www/html/appointment/lib/Cake/Model/Datasource/DboSource.php(460): PDOStatement->execute(Array)
#1 /var/www/html/appointment/lib/Cake/Model/Datasource/DboSource.php(426): DboSource->_execute('SELECT `Course`...', Array)
#2 /var/www/html/appointment/lib/Cake/Model/Datasource/DboSource.php(668): DboSource->execute('SELECT `Course`...', Array, Array)
#3 /var/www/html/appointment/lib/Cake/Model/Datasource/DboSource.php(1106): DboSource->fetchAll('SELECT `Course`...', false)
#4 /var/www/html/appointment/lib/Cake/Model/Model.php(3022): DboSource->read(Object(Course), Array)
#5 /var/www/html/appointment/lib/Cake/Model/Model.php(2994): Model->_readDataSource('all', Array)
#6 /var/www/html/appointment/app/Controller/ApiController.php(190): Model->find('all', Array)
#7 [internal function]: ApiController->courses()
#8 /var/www/html/appointment/lib/Cake/Controller/Controller.php(490): ReflectionMethod->invokeArgs(Object(ApiController), Array)
#9 /var/www/html/appointment/lib/Cake/Routing/Dispatcher.php(193): Controller->invokeAction(Object(CakeRequest))
#10 /var/www/html/appointment/lib/Cake/Routing/Dispatcher.php(167): Dispatcher->_invoke(Object(ApiController), Object(CakeRequest))
#11 /var/www/html/appointment/app/webroot/index.php(118): Dispatcher->dispatch(Object(CakeRequest), Object(CakeResponse))
#12 {main}
2015-06-06 09:00:48 Error: [PDOException] SQLSTATE[42S22]: Column not found: 1054 Unknown column 'courses.teacher_id' in 'on clause'
Request URL: /appointment/api/courses
Stack Trace:
#0 /var/www/html/appointment/lib/Cake/Model/Datasource/DboSource.php(460): PDOStatement->execute(Array)
#1 /var/www/html/appointment/lib/Cake/Model/Datasource/DboSource.php(426): DboSource->_execute('SELECT `Course`...', Array)
#2 /var/www/html/appointment/lib/Cake/Model/Datasource/DboSource.php(668): DboSource->execute('SELECT `Course`...', Array, Array)
#3 /var/www/html/appointment/lib/Cake/Model/Datasource/DboSource.php(1106): DboSource->fetchAll('SELECT `Course`...', false)
#4 /var/www/html/appointment/lib/Cake/Model/Model.php(3022): DboSource->read(Object(Course), Array)
#5 /var/www/html/appointment/lib/Cake/Model/Model.php(2994): Model->_readDataSource('all', Array)
#6 /var/www/html/appointment/app/Controller/ApiController.php(190): Model->find('all', Array)
#7 [internal function]: ApiController->courses()
#8 /var/www/html/appointment/lib/Cake/Controller/Controller.php(490): ReflectionMethod->invokeArgs(Object(ApiController), Array)
#9 /var/www/html/appointment/lib/Cake/Routing/Dispatcher.php(193): Controller->invokeAction(Object(CakeRequest))
#10 /var/www/html/appointment/lib/Cake/Routing/Dispatcher.php(167): Dispatcher->_invoke(Object(ApiController), Object(CakeRequest))
#11 /var/www/html/appointment/app/webroot/index.php(118): Dispatcher->dispatch(Object(CakeRequest), Object(CakeResponse))
#12 {main}
2015-06-06 09:11:06 Error: [PDOException] SQLSTATE[42000]: Syntax error or access violation: 1064 You have an error in your SQL syntax; check the manual that corresponds to your MySQL server version for the right syntax to use near 'ON (`Course`.`teacher_id` = 'Teacher.id')  WHERE 1 = 1' at line 1
Request URL: /appointment/api/courses
Stack Trace:
#0 /var/www/html/appointment/lib/Cake/Model/Datasource/DboSource.php(460): PDOStatement->execute(Array)
#1 /var/www/html/appointment/lib/Cake/Model/Datasource/DboSource.php(426): DboSource->_execute('SELECT `Course`...', Array)
#2 /var/www/html/appointment/lib/Cake/Model/Datasource/DboSource.php(668): DboSource->execute('SELECT `Course`...', Array, Array)
#3 /var/www/html/appointment/lib/Cake/Model/Datasource/DboSource.php(1106): DboSource->fetchAll('SELECT `Course`...', false)
#4 /var/www/html/appointment/lib/Cake/Model/Model.php(3022): DboSource->read(Object(Course), Array)
#5 /var/www/html/appointment/lib/Cake/Model/Model.php(2994): Model->_readDataSource('all', Array)
#6 /var/www/html/appointment/app/Controller/ApiController.php(188): Model->find('all', Array)
#7 [internal function]: ApiController->courses()
#8 /var/www/html/appointment/lib/Cake/Controller/Controller.php(490): ReflectionMethod->invokeArgs(Object(ApiController), Array)
#9 /var/www/html/appointment/lib/Cake/Routing/Dispatcher.php(193): Controller->invokeAction(Object(CakeRequest))
#10 /var/www/html/appointment/lib/Cake/Routing/Dispatcher.php(167): Dispatcher->_invoke(Object(ApiController), Object(CakeRequest))
#11 /var/www/html/appointment/app/webroot/index.php(118): Dispatcher->dispatch(Object(CakeRequest), Object(CakeResponse))
#12 {main}
2015-06-06 09:16:32 Error: [PDOException] SQLSTATE[42000]: Syntax error or access violation: 1064 You have an error in your SQL syntax; check the manual that corresponds to your MySQL server version for the right syntax to use near 'ON (`Course`.`teacher_id` = `Teacher`.`id`)  WHERE `starttime` > '2015-04-11 10:' at line 1
Request URL: /appointment/api/courses?course_id=2&uuid=7c7a1f251e3e015a999a61016edb051f
Stack Trace:
#0 /var/www/html/appointment/lib/Cake/Model/Datasource/DboSource.php(460): PDOStatement->execute(Array)
#1 /var/www/html/appointment/lib/Cake/Model/Datasource/DboSource.php(426): DboSource->_execute('SELECT `Course`...', Array)
#2 /var/www/html/appointment/lib/Cake/Model/Datasource/DboSource.php(668): DboSource->execute('SELECT `Course`...', Array, Array)
#3 /var/www/html/appointment/lib/Cake/Model/Datasource/DboSource.php(1106): DboSource->fetchAll('SELECT `Course`...', false)
#4 /var/www/html/appointment/lib/Cake/Model/Model.php(3022): DboSource->read(Object(Course), Array)
#5 /var/www/html/appointment/lib/Cake/Model/Model.php(2994): Model->_readDataSource('all', Array)
#6 /var/www/html/appointment/app/Controller/ApiController.php(134): Model->find('all', Array)
#7 [internal function]: ApiController->courses()
#8 /var/www/html/appointment/lib/Cake/Controller/Controller.php(490): ReflectionMethod->invokeArgs(Object(ApiController), Array)
#9 /var/www/html/appointment/lib/Cake/Routing/Dispatcher.php(193): Controller->invokeAction(Object(CakeRequest))
#10 /var/www/html/appointment/lib/Cake/Routing/Dispatcher.php(167): Dispatcher->_invoke(Object(ApiController), Object(CakeRequest))
#11 /var/www/html/appointment/app/webroot/index.php(118): Dispatcher->dispatch(Object(CakeRequest), Object(CakeResponse))
#12 {main}
2015-06-06 09:24:05 Error: [MissingActionException] Action EntryController::index() could not be found.
Exception Attributes: array (
  'controller' => 'EntryController',
  'action' => 'index',
)
Request URL: /appointment/entry
Stack Trace:
#0 /var/www/html/appointment/lib/Cake/Routing/Dispatcher.php(193): Controller->invokeAction(Object(CakeRequest))
#1 /var/www/html/appointment/lib/Cake/Routing/Dispatcher.php(167): Dispatcher->_invoke(Object(EntryController), Object(CakeRequest))
#2 /var/www/html/appointment/app/webroot/index.php(118): Dispatcher->dispatch(Object(CakeRequest), Object(CakeResponse))
#3 {main}
2015-06-06 09:26:49 Error: Fatal Error (4): syntax error, unexpected ';', expecting ')' in [/var/www/html/appointment/app/Controller/ApiController.php, line 153]
2015-06-06 09:26:49 Error: [FatalErrorException] syntax error, unexpected ';', expecting ')'
Request URL: /appointment/api/courses?course_id=2&uuid=7c7a1f251e3e015a999a61016edb051f
Stack Trace:
#0 /var/www/html/appointment/lib/Cake/Error/ErrorHandler.php(213): ErrorHandler::handleFatalError(4, 'syntax error, u...', '/var/www/html/a...', 153)
#1 [internal function]: ErrorHandler::handleError(4, 'syntax error, u...', '/var/www/html/a...', 153, Array)
#2 /var/www/html/appointment/lib/Cake/Core/App.php(931): call_user_func('ErrorHandler::h...', 4, 'syntax error, u...', '/var/www/html/a...', 153, Array)
#3 /var/www/html/appointment/lib/Cake/Core/App.php(904): App::_checkFatalError()
#4 [internal function]: App::shutdown()
#5 {main}
2015-06-06 09:27:01 Error: [PDOException] SQLSTATE[42S02]: Base table or view not found: 1051 Unknown table 'entries'
Request URL: /appointment/api/courses?course_id=2&uuid=7c7a1f251e3e015a999a61016edb051f
Stack Trace:
#0 /var/www/html/appointment/lib/Cake/Model/Datasource/DboSource.php(460): PDOStatement->execute(Array)
#1 /var/www/html/appointment/lib/Cake/Model/Datasource/DboSource.php(426): DboSource->_execute('SELECT `Course`...', Array)
#2 /var/www/html/appointment/lib/Cake/Model/Datasource/DboSource.php(668): DboSource->execute('SELECT `Course`...', Array, Array)
#3 /var/www/html/appointment/lib/Cake/Model/Datasource/DboSource.php(1106): DboSource->fetchAll('SELECT `Course`...', false)
#4 /var/www/html/appointment/lib/Cake/Model/Model.php(3022): DboSource->read(Object(Course), Array)
#5 /var/www/html/appointment/lib/Cake/Model/Model.php(2994): Model->_readDataSource('all', Array)
#6 /var/www/html/appointment/app/Controller/ApiController.php(154): Model->find('all', Array)
#7 [internal function]: ApiController->courses()
#8 /var/www/html/appointment/lib/Cake/Controller/Controller.php(490): ReflectionMethod->invokeArgs(Object(ApiController), Array)
#9 /var/www/html/appointment/lib/Cake/Routing/Dispatcher.php(193): Controller->invokeAction(Object(CakeRequest))
#10 /var/www/html/appointment/lib/Cake/Routing/Dispatcher.php(167): Dispatcher->_invoke(Object(ApiController), Object(CakeRequest))
#11 /var/www/html/appointment/app/webroot/index.php(118): Dispatcher->dispatch(Object(CakeRequest), Object(CakeResponse))
#12 {main}
2015-06-06 09:28:12 Error: [PDOException] SQLSTATE[42S02]: Base table or view not found: 1146 Table 'qilian.Entry' doesn't exist
Request URL: /appointment/api/courses?course_id=2&uuid=7c7a1f251e3e015a999a61016edb051f
Stack Trace:
#0 /var/www/html/appointment/lib/Cake/Model/Datasource/DboSource.php(460): PDOStatement->execute(Array)
#1 /var/www/html/appointment/lib/Cake/Model/Datasource/DboSource.php(426): DboSource->_execute('SELECT `Course`...', Array)
#2 /var/www/html/appointment/lib/Cake/Model/Datasource/DboSource.php(668): DboSource->execute('SELECT `Course`...', Array, Array)
#3 /var/www/html/appointment/lib/Cake/Model/Datasource/DboSource.php(1106): DboSource->fetchAll('SELECT `Course`...', false)
#4 /var/www/html/appointment/lib/Cake/Model/Model.php(3022): DboSource->read(Object(Course), Array)
#5 /var/www/html/appointment/lib/Cake/Model/Model.php(2994): Model->_readDataSource('all', Array)
#6 /var/www/html/appointment/app/Controller/ApiController.php(154): Model->find('all', Array)
#7 [internal function]: ApiController->courses()
#8 /var/www/html/appointment/lib/Cake/Controller/Controller.php(490): ReflectionMethod->invokeArgs(Object(ApiController), Array)
#9 /var/www/html/appointment/lib/Cake/Routing/Dispatcher.php(193): Controller->invokeAction(Object(CakeRequest))
#10 /var/www/html/appointment/lib/Cake/Routing/Dispatcher.php(167): Dispatcher->_invoke(Object(ApiController), Object(CakeRequest))
#11 /var/www/html/appointment/app/webroot/index.php(118): Dispatcher->dispatch(Object(CakeRequest), Object(CakeResponse))
#12 {main}
2015-06-06 09:28:25 Error: [PDOException] SQLSTATE[42S02]: Base table or view not found: 1051 Unknown table 'entries'
Request URL: /appointment/api/courses?course_id=2&uuid=7c7a1f251e3e015a999a61016edb051f
Stack Trace:
#0 /var/www/html/appointment/lib/Cake/Model/Datasource/DboSource.php(460): PDOStatement->execute(Array)
#1 /var/www/html/appointment/lib/Cake/Model/Datasource/DboSource.php(426): DboSource->_execute('SELECT `Course`...', Array)
#2 /var/www/html/appointment/lib/Cake/Model/Datasource/DboSource.php(668): DboSource->execute('SELECT `Course`...', Array, Array)
#3 /var/www/html/appointment/lib/Cake/Model/Datasource/DboSource.php(1106): DboSource->fetchAll('SELECT `Course`...', false)
#4 /var/www/html/appointment/lib/Cake/Model/Model.php(3022): DboSource->read(Object(Course), Array)
#5 /var/www/html/appointment/lib/Cake/Model/Model.php(2994): Model->_readDataSource('all', Array)
#6 /var/www/html/appointment/app/Controller/ApiController.php(154): Model->find('all', Array)
#7 [internal function]: ApiController->courses()
#8 /var/www/html/appointment/lib/Cake/Controller/Controller.php(490): ReflectionMethod->invokeArgs(Object(ApiController), Array)
#9 /var/www/html/appointment/lib/Cake/Routing/Dispatcher.php(193): Controller->invokeAction(Object(CakeRequest))
#10 /var/www/html/appointment/lib/Cake/Routing/Dispatcher.php(167): Dispatcher->_invoke(Object(ApiController), Object(CakeRequest))
#11 /var/www/html/appointment/app/webroot/index.php(118): Dispatcher->dispatch(Object(CakeRequest), Object(CakeResponse))
#12 {main}
2015-06-06 09:38:50 Error: [MissingViewException] View file "Api/courses.ctp" is missing.
Exception Attributes: array (
  'file' => 'Api/courses.ctp',
)
Request URL: /appointment/api/courses?course_id=6
Stack Trace:
#0 /var/www/html/appointment/lib/Cake/View/View.php(470): View->_getViewFileName(NULL)
#1 /var/www/html/appointment/lib/Cake/Controller/Controller.php(960): View->render(NULL, NULL)
#2 /var/www/html/appointment/lib/Cake/Routing/Dispatcher.php(200): Controller->render()
#3 /var/www/html/appointment/lib/Cake/Routing/Dispatcher.php(167): Dispatcher->_invoke(Object(ApiController), Object(CakeRequest))
#4 /var/www/html/appointment/app/webroot/index.php(118): Dispatcher->dispatch(Object(CakeRequest), Object(CakeResponse))
#5 {main}
2015-06-06 09:39:17 Error: [MissingViewException] View file "Api/courses.ctp" is missing.
Exception Attributes: array (
  'file' => 'Api/courses.ctp',
)
Request URL: /appointment/api/courses?course_id=6
Stack Trace:
#0 /var/www/html/appointment/lib/Cake/View/View.php(470): View->_getViewFileName(NULL)
#1 /var/www/html/appointment/lib/Cake/Controller/Controller.php(960): View->render(NULL, NULL)
#2 /var/www/html/appointment/lib/Cake/Routing/Dispatcher.php(200): Controller->render()
#3 /var/www/html/appointment/lib/Cake/Routing/Dispatcher.php(167): Dispatcher->_invoke(Object(ApiController), Object(CakeRequest))
#4 /var/www/html/appointment/app/webroot/index.php(118): Dispatcher->dispatch(Object(CakeRequest), Object(CakeResponse))
#5 {main}
2015-06-06 09:40:31 Error: [MissingViewException] View file "Api/courses.ctp" is missing.
Exception Attributes: array (
  'file' => 'Api/courses.ctp',
)
Request URL: /appointment/api/courses?course_id=6
Stack Trace:
#0 /var/www/html/appointment/lib/Cake/View/View.php(470): View->_getViewFileName(NULL)
#1 /var/www/html/appointment/lib/Cake/Controller/Controller.php(960): View->render(NULL, NULL)
#2 /var/www/html/appointment/lib/Cake/Routing/Dispatcher.php(200): Controller->render()
#3 /var/www/html/appointment/lib/Cake/Routing/Dispatcher.php(167): Dispatcher->_invoke(Object(ApiController), Object(CakeRequest))
#4 /var/www/html/appointment/app/webroot/index.php(118): Dispatcher->dispatch(Object(CakeRequest), Object(CakeResponse))
#5 {main}
2015-06-06 09:42:14 Error: [MissingViewException] View file "Api/courses.ctp" is missing.
Exception Attributes: array (
  'file' => 'Api/courses.ctp',
)
Request URL: /appointment/api/courses?course_id=6
Stack Trace:
#0 /var/www/html/appointment/lib/Cake/View/View.php(470): View->_getViewFileName(NULL)
#1 /var/www/html/appointment/lib/Cake/Controller/Controller.php(960): View->render(NULL, NULL)
#2 /var/www/html/appointment/lib/Cake/Routing/Dispatcher.php(200): Controller->render()
#3 /var/www/html/appointment/lib/Cake/Routing/Dispatcher.php(167): Dispatcher->_invoke(Object(ApiController), Object(CakeRequest))
#4 /var/www/html/appointment/app/webroot/index.php(118): Dispatcher->dispatch(Object(CakeRequest), Object(CakeResponse))
#5 {main}
2015-06-06 09:42:24 Error: [MissingViewException] View file "Api/courses.ctp" is missing.
Exception Attributes: array (
  'file' => 'Api/courses.ctp',
)
Request URL: /appointment/api/courses?course_id=6
Stack Trace:
#0 /var/www/html/appointment/lib/Cake/View/View.php(470): View->_getViewFileName(NULL)
#1 /var/www/html/appointment/lib/Cake/Controller/Controller.php(960): View->render(NULL, NULL)
#2 /var/www/html/appointment/lib/Cake/Routing/Dispatcher.php(200): Controller->render()
#3 /var/www/html/appointment/lib/Cake/Routing/Dispatcher.php(167): Dispatcher->_invoke(Object(ApiController), Object(CakeRequest))
#4 /var/www/html/appointment/app/webroot/index.php(118): Dispatcher->dispatch(Object(CakeRequest), Object(CakeResponse))
#5 {main}
2015-06-06 09:45:16 Error: [MissingViewException] View file "Api/courses.ctp" is missing.
Exception Attributes: array (
  'file' => 'Api/courses.ctp',
)
Request URL: /appointment/api/courses?course_id=6
Stack Trace:
#0 /var/www/html/appointment/lib/Cake/View/View.php(470): View->_getViewFileName(NULL)
#1 /var/www/html/appointment/lib/Cake/Controller/Controller.php(960): View->render(NULL, NULL)
#2 /var/www/html/appointment/lib/Cake/Routing/Dispatcher.php(200): Controller->render()
#3 /var/www/html/appointment/lib/Cake/Routing/Dispatcher.php(167): Dispatcher->_invoke(Object(ApiController), Object(CakeRequest))
#4 /var/www/html/appointment/app/webroot/index.php(118): Dispatcher->dispatch(Object(CakeRequest), Object(CakeResponse))
#5 {main}
2015-06-06 09:56:33 Error: [MissingActionException] Action ApiController::register.php() could not be found.
Exception Attributes: array (
  'controller' => 'ApiController',
  'action' => 'register.php',
)
Request URL: /appointment/api/register.php
Stack Trace:
#0 /var/www/html/appointment/lib/Cake/Routing/Dispatcher.php(193): Controller->invokeAction(Object(CakeRequest))
#1 /var/www/html/appointment/lib/Cake/Routing/Dispatcher.php(167): Dispatcher->_invoke(Object(ApiController), Object(CakeRequest))
#2 /var/www/html/appointment/app/webroot/index.php(118): Dispatcher->dispatch(Object(CakeRequest), Object(CakeResponse))
#3 {main}
2015-06-06 09:56:33 Error: [MissingActionException] Action ApiController::courses.php() could not be found.
Exception Attributes: array (
  'controller' => 'ApiController',
  'action' => 'courses.php',
)
Request URL: /appointment/api/courses.php?user_id=1
Stack Trace:
#0 /var/www/html/appointment/lib/Cake/Routing/Dispatcher.php(193): Controller->invokeAction(Object(CakeRequest))
#1 /var/www/html/appointment/lib/Cake/Routing/Dispatcher.php(167): Dispatcher->_invoke(Object(ApiController), Object(CakeRequest))
#2 /var/www/html/appointment/app/webroot/index.php(118): Dispatcher->dispatch(Object(CakeRequest), Object(CakeResponse))
#3 {main}
2015-06-06 11:00:39 Error: Fatal Error (4): syntax error, unexpected '$Email' (T_VARIABLE) in [/var/www/html/appointment/app/Controller/ApiController.php, line 65]
2015-06-06 11:00:39 Error: [FatalErrorException] syntax error, unexpected '$Email' (T_VARIABLE)
Request URL: /appointment/api/register.php
Stack Trace:
#0 /var/www/html/appointment/lib/Cake/Error/ErrorHandler.php(213): ErrorHandler::handleFatalError(4, 'syntax error, u...', '/var/www/html/a...', 65)
#1 [internal function]: ErrorHandler::handleError(4, 'syntax error, u...', '/var/www/html/a...', 65, Array)
#2 /var/www/html/appointment/lib/Cake/Core/App.php(931): call_user_func('ErrorHandler::h...', 4, 'syntax error, u...', '/var/www/html/a...', 65, Array)
#3 /var/www/html/appointment/lib/Cake/Core/App.php(904): App::_checkFatalError()
#4 [internal function]: App::shutdown()
#5 {main}
2015-06-06 11:00:39 Error: Fatal Error (4): syntax error, unexpected '$Email' (T_VARIABLE) in [/var/www/html/appointment/app/Controller/ApiController.php, line 65]
2015-06-06 11:00:39 Error: [FatalErrorException] syntax error, unexpected '$Email' (T_VARIABLE)
Request URL: /appointment/api/courses.php?user_id=1
Stack Trace:
#0 /var/www/html/appointment/lib/Cake/Error/ErrorHandler.php(213): ErrorHandler::handleFatalError(4, 'syntax error, u...', '/var/www/html/a...', 65)
#1 [internal function]: ErrorHandler::handleError(4, 'syntax error, u...', '/var/www/html/a...', 65, Array)
#2 /var/www/html/appointment/lib/Cake/Core/App.php(931): call_user_func('ErrorHandler::h...', 4, 'syntax error, u...', '/var/www/html/a...', 65, Array)
#3 /var/www/html/appointment/lib/Cake/Core/App.php(904): App::_checkFatalError()
#4 [internal function]: App::shutdown()
#5 {main}
2015-06-06 11:00:42 Error: Fatal Error (4): syntax error, unexpected '$Email' (T_VARIABLE) in [/var/www/html/appointment/app/Controller/ApiController.php, line 65]
2015-06-06 11:00:42 Error: [FatalErrorException] syntax error, unexpected '$Email' (T_VARIABLE)
Request URL: /appointment/api/courses.php?user_id=1
Stack Trace:
#0 /var/www/html/appointment/lib/Cake/Error/ErrorHandler.php(213): ErrorHandler::handleFatalError(4, 'syntax error, u...', '/var/www/html/a...', 65)
#1 [internal function]: ErrorHandler::handleError(4, 'syntax error, u...', '/var/www/html/a...', 65, Array)
#2 /var/www/html/appointment/lib/Cake/Core/App.php(931): call_user_func('ErrorHandler::h...', 4, 'syntax error, u...', '/var/www/html/a...', 65, Array)
#3 /var/www/html/appointment/lib/Cake/Core/App.php(904): App::_checkFatalError()
#4 [internal function]: App::shutdown()
#5 {main}
2015-06-06 11:01:05 Error: Fatal Error (4): syntax error, unexpected '$Email' (T_VARIABLE) in [/var/www/html/appointment/app/Controller/ApiController.php, line 65]
2015-06-06 11:01:05 Error: [FatalErrorException] syntax error, unexpected '$Email' (T_VARIABLE)
Request URL: /appointment/api/register.php
Stack Trace:
#0 /var/www/html/appointment/lib/Cake/Error/ErrorHandler.php(213): ErrorHandler::handleFatalError(4, 'syntax error, u...', '/var/www/html/a...', 65)
#1 [internal function]: ErrorHandler::handleError(4, 'syntax error, u...', '/var/www/html/a...', 65, Array)
#2 /var/www/html/appointment/lib/Cake/Core/App.php(931): call_user_func('ErrorHandler::h...', 4, 'syntax error, u...', '/var/www/html/a...', 65, Array)
#3 /var/www/html/appointment/lib/Cake/Core/App.php(904): App::_checkFatalError()
#4 [internal function]: App::shutdown()
#5 {main}
2015-06-06 11:01:06 Error: Fatal Error (4): syntax error, unexpected '$Email' (T_VARIABLE) in [/var/www/html/appointment/app/Controller/ApiController.php, line 65]
2015-06-06 11:01:06 Error: [FatalErrorException] syntax error, unexpected '$Email' (T_VARIABLE)
Request URL: /appointment/api/courses.php?user_id=1
Stack Trace:
#0 /var/www/html/appointment/lib/Cake/Error/ErrorHandler.php(213): ErrorHandler::handleFatalError(4, 'syntax error, u...', '/var/www/html/a...', 65)
#1 [internal function]: ErrorHandler::handleError(4, 'syntax error, u...', '/var/www/html/a...', 65, Array)
#2 /var/www/html/appointment/lib/Cake/Core/App.php(931): call_user_func('ErrorHandler::h...', 4, 'syntax error, u...', '/var/www/html/a...', 65, Array)
#3 /var/www/html/appointment/lib/Cake/Core/App.php(904): App::_checkFatalError()
#4 [internal function]: App::shutdown()
#5 {main}
2015-06-06 17:44:25 Error: Fatal Error (4): syntax error, unexpected '$Email' (T_VARIABLE) in [/var/www/html/appointment/app/Controller/ApiController.php, line 65]
2015-06-06 17:44:25 Error: [FatalErrorException] syntax error, unexpected '$Email' (T_VARIABLE)
Request URL: /appointment/api/register.php
Stack Trace:
#0 /var/www/html/appointment/lib/Cake/Error/ErrorHandler.php(213): ErrorHandler::handleFatalError(4, 'syntax error, u...', '/var/www/html/a...', 65)
#1 [internal function]: ErrorHandler::handleError(4, 'syntax error, u...', '/var/www/html/a...', 65, Array)
#2 /var/www/html/appointment/lib/Cake/Core/App.php(931): call_user_func('ErrorHandler::h...', 4, 'syntax error, u...', '/var/www/html/a...', 65, Array)
#3 /var/www/html/appointment/lib/Cake/Core/App.php(904): App::_checkFatalError()
#4 [internal function]: App::shutdown()
#5 {main}
2015-06-06 17:44:25 Error: Fatal Error (4): syntax error, unexpected '$Email' (T_VARIABLE) in [/var/www/html/appointment/app/Controller/ApiController.php, line 65]
2015-06-06 17:44:25 Error: [FatalErrorException] syntax error, unexpected '$Email' (T_VARIABLE)
Request URL: /appointment/api/courses.php?user_id=1
Stack Trace:
#0 /var/www/html/appointment/lib/Cake/Error/ErrorHandler.php(213): ErrorHandler::handleFatalError(4, 'syntax error, u...', '/var/www/html/a...', 65)
#1 [internal function]: ErrorHandler::handleError(4, 'syntax error, u...', '/var/www/html/a...', 65, Array)
#2 /var/www/html/appointment/lib/Cake/Core/App.php(931): call_user_func('ErrorHandler::h...', 4, 'syntax error, u...', '/var/www/html/a...', 65, Array)
#3 /var/www/html/appointment/lib/Cake/Core/App.php(904): App::_checkFatalError()
#4 [internal function]: App::shutdown()
#5 {main}
2015-06-06 17:44:29 Error: Fatal Error (4): syntax error, unexpected '$Email' (T_VARIABLE) in [/var/www/html/appointment/app/Controller/ApiController.php, line 65]
2015-06-06 17:44:29 Error: [FatalErrorException] syntax error, unexpected '$Email' (T_VARIABLE)
Request URL: /appointment/api/courses.php?user_id=1
Stack Trace:
#0 /var/www/html/appointment/lib/Cake/Error/ErrorHandler.php(213): ErrorHandler::handleFatalError(4, 'syntax error, u...', '/var/www/html/a...', 65)
#1 [internal function]: ErrorHandler::handleError(4, 'syntax error, u...', '/var/www/html/a...', 65, Array)
#2 /var/www/html/appointment/lib/Cake/Core/App.php(931): call_user_func('ErrorHandler::h...', 4, 'syntax error, u...', '/var/www/html/a...', 65, Array)
#3 /var/www/html/appointment/lib/Cake/Core/App.php(904): App::_checkFatalError()
#4 [internal function]: App::shutdown()
#5 {main}
2015-06-07 10:12:26 Error: [MissingControllerException] Controller class Bootswatch.scssController could not be found.
Exception Attributes: array (
  'class' => 'Bootswatch.scssController',
  'plugin' => NULL,
)
Request URL: /appointment/_bootswatch.scss
Stack Trace:
#0 /var/www/html/appointment/app/webroot/index.php(118): Dispatcher->dispatch(Object(CakeRequest), Object(CakeResponse))
#1 {main}
2015-06-07 10:12:30 Error: [MissingControllerException] Controller class Variables.scssController could not be found.
Exception Attributes: array (
  'class' => 'Variables.scssController',
  'plugin' => NULL,
)
Request URL: /appointment/_variables.scss
Stack Trace:
#0 /var/www/html/appointment/app/webroot/index.php(118): Dispatcher->dispatch(Object(CakeRequest), Object(CakeResponse))
#1 {main}
2015-06-07 10:12:35 Error: [MissingControllerException] Controller class Bootswatch.lessController could not be found.
Exception Attributes: array (
  'class' => 'Bootswatch.lessController',
  'plugin' => NULL,
)
Request URL: /appointment/bootswatch.less
Stack Trace:
#0 /var/www/html/appointment/app/webroot/index.php(118): Dispatcher->dispatch(Object(CakeRequest), Object(CakeResponse))
#1 {main}
2015-06-07 10:12:40 Error: [MissingControllerException] Controller class Variables.lessController could not be found.
Exception Attributes: array (
  'class' => 'Variables.lessController',
  'plugin' => NULL,
)
Request URL: /appointment/variables.less
Stack Trace:
#0 /var/www/html/appointment/app/webroot/index.php(118): Dispatcher->dispatch(Object(CakeRequest), Object(CakeResponse))
#1 {main}
2015-06-07 15:37:12 Error: [MissingActionException] Action EntryController::index() could not be found.
Exception Attributes: array (
  'controller' => 'EntryController',
  'action' => 'index',
)
Request URL: /appointment/entry
Stack Trace:
#0 /var/www/html/appointment/lib/Cake/Routing/Dispatcher.php(193): Controller->invokeAction(Object(CakeRequest))
#1 /var/www/html/appointment/lib/Cake/Routing/Dispatcher.php(167): Dispatcher->_invoke(Object(EntryController), Object(CakeRequest))
#2 /var/www/html/appointment/app/webroot/index.php(118): Dispatcher->dispatch(Object(CakeRequest), Object(CakeResponse))
#3 {main}
2015-06-07 16:40:00 Error: [MissingControllerException] Controller class ImgController could not be found.
Exception Attributes: array (
  'class' => 'ImgController',
  'plugin' => NULL,
)
Request URL: /appointment/img/original/rob.jpg
Stack Trace:
#0 /var/www/html/appointment/app/webroot/index.php(118): Dispatcher->dispatch(Object(CakeRequest), Object(CakeResponse))
#1 {main}
2015-06-07 16:46:25 Error: [MissingActionException] Action EntryController::index() could not be found.
Exception Attributes: array (
  'controller' => 'EntryController',
  'action' => 'index',
)
Request URL: /appointment/entry
Stack Trace:
#0 /var/www/html/appointment/lib/Cake/Routing/Dispatcher.php(193): Controller->invokeAction(Object(CakeRequest))
#1 /var/www/html/appointment/lib/Cake/Routing/Dispatcher.php(167): Dispatcher->_invoke(Object(EntryController), Object(CakeRequest))
#2 /var/www/html/appointment/app/webroot/index.php(118): Dispatcher->dispatch(Object(CakeRequest), Object(CakeResponse))
#3 {main}
